SF:/Users/stehnoc/projects/personal/proving/lib/src/fixtures.dart
DA:31,2
DA:32,4
DA:33,4
DA:45,1
DA:46,2
DA:47,2
DA:70,2
DA:72,6
DA:76,2
DA:78,4
DA:79,4
LF:11
LH:11
end_of_record
SF:/Users/stehnoc/projects/personal/proving/lib/src/parametized.dart
DA:28,1
DA:29,2
DA:30,2
DA:31,3
DA:33,1
DA:65,1
DA:66,2
DA:67,3
DA:69,1
LF:9
LH:9
end_of_record
SF:/Users/stehnoc/projects/personal/proving/lib/src/resources.dart
DA:24,4
DA:43,1
DA:44,2
DA:65,1
DA:69,3
DA:88,1
DA:89,2
DA:109,1
DA:110,2
DA:133,1
DA:138,1
DA:140,2
DA:141,3
DA:158,1
DA:159,1
DA:161,1
DA:162,2
DA:165,2
DA:166,2
DA:180,1
DA:185,1
DA:187,1
DA:188,2
DA:191,1
DA:192,1
DA:195,6
DA:198,1
DA:204,3
LF:28
LH:28
end_of_record
SF:/Users/stehnoc/projects/personal/proving/lib/src/verifiers.dart
DA:16,1
DA:17,3
DA:19,2
DA:20,2
DA:21,2
DA:22,2
DA:24,4
DA:25,4
DA:26,4
DA:27,4
DA:36,1
DA:37,2
DA:46,1
DA:47,2
LF:14
LH:14
end_of_record
